{"/Users/pedro/Code/front:ux/test-course/src/examples/examples.js": {"path":"/Users/pedro/Code/front:ux/test-course/src/examples/examples.js","statementMap":{"0":{"start":{"line":2,"column":2},"end":{"line":2,"column":38}},"1":{"start":{"line":2,"column":22},"end":{"line":2,"column":38}},"2":{"start":{"line":3,"column":2},"end":{"line":3,"column":57}},"3":{"start":{"line":3,"column":42},"end":{"line":3,"column":56}},"4":{"start":{"line":7,"column":2},"end":{"line":7,"column":38}},"5":{"start":{"line":7,"column":22},"end":{"line":7,"column":38}},"6":{"start":{"line":8,"column":2},"end":{"line":8,"column":57}},"7":{"start":{"line":8,"column":42},"end":{"line":8,"column":56}},"8":{"start":{"line":12,"column":2},"end":{"line":12,"column":38}},"9":{"start":{"line":12,"column":22},"end":{"line":12,"column":38}},"10":{"start":{"line":13,"column":2},"end":{"line":13,"column":57}},"11":{"start":{"line":13,"column":42},"end":{"line":13,"column":56}},"12":{"start":{"line":17,"column":2},"end":{"line":17,"column":67}},"13":{"start":{"line":17,"column":51},"end":{"line":17,"column":67}},"14":{"start":{"line":18,"column":2},"end":{"line":18,"column":28}},"15":{"start":{"line":21,"column":0},"end":{"line":26,"column":1}}},"fnMap":{"0":{"name":"multiply","decl":{"start":{"line":1,"column":9},"end":{"line":1,"column":17}},"loc":{"start":{"line":1,"column":29},"end":{"line":4,"column":1}},"line":1},"1":{"name":"(anonymous_1)","decl":{"start":{"line":3,"column":23},"end":{"line":3,"column":24}},"loc":{"start":{"line":3,"column":42},"end":{"line":3,"column":56}},"line":3},"2":{"name":"divide","decl":{"start":{"line":6,"column":9},"end":{"line":6,"column":15}},"loc":{"start":{"line":6,"column":27},"end":{"line":9,"column":1}},"line":6},"3":{"name":"(anonymous_3)","decl":{"start":{"line":8,"column":23},"end":{"line":8,"column":24}},"loc":{"start":{"line":8,"column":42},"end":{"line":8,"column":56}},"line":8},"4":{"name":"sum","decl":{"start":{"line":11,"column":9},"end":{"line":11,"column":12}},"loc":{"start":{"line":11,"column":24},"end":{"line":14,"column":1}},"line":11},"5":{"name":"(anonymous_5)","decl":{"start":{"line":13,"column":23},"end":{"line":13,"column":24}},"loc":{"start":{"line":13,"column":42},"end":{"line":13,"column":56}},"line":13},"6":{"name":"compute","decl":{"start":{"line":16,"column":9},"end":{"line":16,"column":16}},"loc":{"start":{"line":16,"column":38},"end":{"line":19,"column":1}},"line":16}},"branchMap":{"0":{"loc":{"start":{"line":2,"column":2},"end":{"line":2,"column":38}},"type":"if","locations":[{"start":{"line":2,"column":2},"end":{"line":2,"column":38}},{"start":{"line":2,"column":2},"end":{"line":2,"column":38}}],"line":2},"1":{"loc":{"start":{"line":7,"column":2},"end":{"line":7,"column":38}},"type":"if","locations":[{"start":{"line":7,"column":2},"end":{"line":7,"column":38}},{"start":{"line":7,"column":2},"end":{"line":7,"column":38}}],"line":7},"2":{"loc":{"start":{"line":12,"column":2},"end":{"line":12,"column":38}},"type":"if","locations":[{"start":{"line":12,"column":2},"end":{"line":12,"column":38}},{"start":{"line":12,"column":2},"end":{"line":12,"column":38}}],"line":12},"3":{"loc":{"start":{"line":17,"column":2},"end":{"line":17,"column":67}},"type":"if","locations":[{"start":{"line":17,"column":2},"end":{"line":17,"column":67}},{"start":{"line":17,"column":2},"end":{"line":17,"column":67}}],"line":17},"4":{"loc":{"start":{"line":17,"column":6},"end":{"line":17,"column":49}},"type":"binary-expr","locations":[{"start":{"line":17,"column":6},"end":{"line":17,"column":15}},{"start":{"line":17,"column":19},"end":{"line":17,"column":49}}],"line":17}},"s":{"0":4,"1":1,"2":3,"3":4,"4":4,"5":1,"6":3,"7":4,"8":4,"9":1,"10":3,"11":4,"12":4,"13":1,"14":3,"15":1},"f":{"0":4,"1":4,"2":4,"3":4,"4":4,"5":4,"6":4},"b":{"0":[1,3],"1":[1,3],"2":[1,3],"3":[1,3],"4":[4,4]},"_coverageSchema":"43e27e138ebf9cfc5966b082cf9a028302ed4184","hash":"c9c3e5742e70ecc9a9f6881d767fc6f41dad8adc"}
}
