TN:
SF:/Users/pedro/Code/front:ux/test-course/src/components/Button/Button.vue
FN:14,(anonymous_1)
FN:21,(anonymous_2)
FN:28,(anonymous_3)
FN:34,(anonymous_4)
FNF:4
FNH:3
FNDA:2,(anonymous_1)
FNDA:2,(anonymous_2)
FNDA:2,(anonymous_3)
FNDA:0,(anonymous_4)
DA:14,2
DA:22,2
DA:29,2
DA:35,0
DA:36,0
LF:5
LH:3
BRDA:29,0,0,0
BRDA:29,0,1,2
BRF:2
BRH:1
end_of_record
TN:
SF:/Users/pedro/Code/front:ux/test-course/src/examples/examples.js
FN:1,multiply
FN:3,(anonymous_1)
FN:6,divide
FN:8,(anonymous_3)
FN:11,sum
FN:13,(anonymous_5)
FN:16,compute
FNF:7
FNH:0
FNDA:0,multiply
FNDA:0,(anonymous_1)
FNDA:0,divide
FNDA:0,(anonymous_3)
FNDA:0,sum
FNDA:0,(anonymous_5)
FNDA:0,compute
DA:2,0
DA:3,0
DA:7,0
DA:8,0
DA:12,0
DA:13,0
DA:17,0
DA:18,0
DA:21,0
LF:9
LH:0
BRDA:2,0,0,0
BRDA:2,0,1,0
BRDA:7,1,0,0
BRDA:7,1,1,0
BRDA:12,2,0,0
BRDA:12,2,1,0
BRDA:17,3,0,0
BRDA:17,3,1,0
BRDA:17,4,0,0
BRDA:17,4,1,0
BRF:10
BRH:0
end_of_record
