TN:
SF:/Users/pedro/Code/front:ux/test-course/src/examples/examples.js
FN:1,multiply
FN:3,(anonymous_1)
FN:6,divide
FN:8,(anonymous_3)
FN:11,sum
FN:13,(anonymous_5)
FN:16,compute
FNF:7
FNH:7
FNDA:4,multiply
FNDA:4,(anonymous_1)
FNDA:4,divide
FNDA:4,(anonymous_3)
FNDA:4,sum
FNDA:4,(anonymous_5)
FNDA:4,compute
DA:2,4
DA:3,4
DA:7,4
DA:8,4
DA:12,4
DA:13,4
DA:17,4
DA:18,3
DA:21,1
LF:9
LH:9
BRDA:2,0,0,1
BRDA:2,0,1,3
BRDA:7,1,0,1
BRDA:7,1,1,3
BRDA:12,2,0,1
BRDA:12,2,1,3
BRDA:17,3,0,1
BRDA:17,3,1,3
BRDA:17,4,0,4
BRDA:17,4,1,4
BRF:10
BRH:10
end_of_record
